I, [2016-02-11T14:43:51.276195 #15186]  INFO -- Kitchen: -----> Starting Kitchen (v1.5.0)
E, [2016-02-11T14:43:51.301454 #15186] ERROR -- Kitchen: ------Exception-------
E, [2016-02-11T14:43:51.301550 #15186] ERROR -- Kitchen: Class: Kitchen::UserError
E, [2016-02-11T14:43:51.301574 #15186] ERROR -- Kitchen: Message: You must first install the Docker CLI tool http://www.docker.io/gettingstarted/
E, [2016-02-11T14:43:51.301591 #15186] ERROR -- Kitchen: ---Nested Exception---
E, [2016-02-11T14:43:51.301612 #15186] ERROR -- Kitchen: Class: Kitchen::ShellOut::ShellCommandFailed
E, [2016-02-11T14:43:51.301627 #15186] ERROR -- Kitchen: Message: Expected process to exit with [0], but received '1'
---- Begin output of sudo -E docker >> /dev/null 2>&1 ----
STDOUT: 
STDERR: 
---- End output of sudo -E docker >> /dev/null 2>&1 ----
Ran sudo -E docker >> /dev/null 2>&1 returned 1
E, [2016-02-11T14:43:51.301641 #15186] ERROR -- Kitchen: ------Backtrace-------
E, [2016-02-11T14:43:51.301656 #15186] ERROR -- Kitchen: /usr/local/lib/ruby/gems/2.2.0/gems/kitchen-docker-2.3.0/lib/kitchen/driver/docker.rb:76:in `rescue in verify_dependencies'
E, [2016-02-11T14:43:51.301670 #15186] ERROR -- Kitchen: /usr/local/lib/ruby/gems/2.2.0/gems/kitchen-docker-2.3.0/lib/kitchen/driver/docker.rb:74:in `verify_dependencies'
E, [2016-02-11T14:43:51.301684 #15186] ERROR -- Kitchen: /usr/local/lib/ruby/gems/2.2.0/gems/test-kitchen-1.5.0/lib/kitchen/driver.rb:45:in `for_plugin'
E, [2016-02-11T14:43:51.301700 #15186] ERROR -- Kitchen: /usr/local/lib/ruby/gems/2.2.0/gems/test-kitchen-1.5.0/lib/kitchen/config.rb:230:in `new_driver'
E, [2016-02-11T14:43:51.301775 #15186] ERROR -- Kitchen: /usr/local/lib/ruby/gems/2.2.0/gems/test-kitchen-1.5.0/lib/kitchen/config.rb:243:in `new_instance'
E, [2016-02-11T14:43:51.301790 #15186] ERROR -- Kitchen: /usr/local/lib/ruby/gems/2.2.0/gems/test-kitchen-1.5.0/lib/kitchen/config.rb:139:in `block in build_instances'
E, [2016-02-11T14:43:51.301804 #15186] ERROR -- Kitchen: /usr/local/lib/ruby/gems/2.2.0/gems/test-kitchen-1.5.0/lib/kitchen/config.rb:138:in `map'
E, [2016-02-11T14:43:51.301819 #15186] ERROR -- Kitchen: /usr/local/lib/ruby/gems/2.2.0/gems/test-kitchen-1.5.0/lib/kitchen/config.rb:138:in `with_index'
E, [2016-02-11T14:43:51.301833 #15186] ERROR -- Kitchen: /usr/local/lib/ruby/gems/2.2.0/gems/test-kitchen-1.5.0/lib/kitchen/config.rb:138:in `build_instances'
E, [2016-02-11T14:43:51.301846 #15186] ERROR -- Kitchen: /usr/local/lib/ruby/gems/2.2.0/gems/test-kitchen-1.5.0/lib/kitchen/config.rb:114:in `instances'
E, [2016-02-11T14:43:51.301860 #15186] ERROR -- Kitchen: /usr/local/lib/ruby/gems/2.2.0/gems/test-kitchen-1.5.0/lib/kitchen/command.rb:115:in `filtered_instances'
E, [2016-02-11T14:43:51.301874 #15186] ERROR -- Kitchen: /usr/local/lib/ruby/gems/2.2.0/gems/test-kitchen-1.5.0/lib/kitchen/command.rb:145:in `parse_subcommand'
E, [2016-02-11T14:43:51.301888 #15186] ERROR -- Kitchen: /usr/local/lib/ruby/gems/2.2.0/gems/test-kitchen-1.5.0/lib/kitchen/command/test.rb:43:in `block in call'
E, [2016-02-11T14:43:51.301911 #15186] ERROR -- Kitchen: /usr/local/lib/ruby/2.2.0/benchmark.rb:288:in `measure'
E, [2016-02-11T14:43:51.301923 #15186] ERROR -- Kitchen: /usr/local/lib/ruby/gems/2.2.0/gems/test-kitchen-1.5.0/lib/kitchen/command/test.rb:41:in `call'
E, [2016-02-11T14:43:51.301935 #15186] ERROR -- Kitchen: /usr/local/lib/ruby/gems/2.2.0/gems/test-kitchen-1.5.0/lib/kitchen/cli.rb:56:in `perform'
E, [2016-02-11T14:43:51.301947 #15186] ERROR -- Kitchen: /usr/local/lib/ruby/gems/2.2.0/gems/test-kitchen-1.5.0/lib/kitchen/cli.rb:227:in `test'
E, [2016-02-11T14:43:51.301958 #15186] ERROR -- Kitchen: /usr/local/lib/ruby/gems/2.2.0/gems/thor-0.19.1/lib/thor/command.rb:27:in `run'
E, [2016-02-11T14:43:51.301971 #15186] ERROR -- Kitchen: /usr/local/lib/ruby/gems/2.2.0/gems/thor-0.19.1/lib/thor/invocation.rb:126:in `invoke_command'
E, [2016-02-11T14:43:51.301983 #15186] ERROR -- Kitchen: /usr/local/lib/ruby/gems/2.2.0/gems/test-kitchen-1.5.0/lib/kitchen/cli.rb:321:in `invoke_task'
E, [2016-02-11T14:43:51.302000 #15186] ERROR -- Kitchen: /usr/local/lib/ruby/gems/2.2.0/gems/thor-0.19.1/lib/thor.rb:359:in `dispatch'
E, [2016-02-11T14:43:51.302024 #15186] ERROR -- Kitchen: /usr/local/lib/ruby/gems/2.2.0/gems/thor-0.19.1/lib/thor/base.rb:440:in `start'
E, [2016-02-11T14:43:51.302041 #15186] ERROR -- Kitchen: /usr/local/lib/ruby/gems/2.2.0/gems/test-kitchen-1.5.0/bin/kitchen:13:in `block in <top (required)>'
E, [2016-02-11T14:43:51.302056 #15186] ERROR -- Kitchen: /usr/local/lib/ruby/gems/2.2.0/gems/test-kitchen-1.5.0/lib/kitchen/errors.rb:154:in `with_friendly_errors'
E, [2016-02-11T14:43:51.302069 #15186] ERROR -- Kitchen: /usr/local/lib/ruby/gems/2.2.0/gems/test-kitchen-1.5.0/bin/kitchen:13:in `<top (required)>'
E, [2016-02-11T14:43:51.302083 #15186] ERROR -- Kitchen: /usr/local/bin/kitchen:23:in `load'
E, [2016-02-11T14:43:51.302095 #15186] ERROR -- Kitchen: /usr/local/bin/kitchen:23:in `<main>'
E, [2016-02-11T14:43:51.302107 #15186] ERROR -- Kitchen: ----------------------
